# JRE version: Java(TM) SE Runtime Environment (21.0.9+7) (build 21.0.9+7-LTS-338)
# Java VM: Java HotSpot(TM) 64-Bit Server VM (21.0.9+7-LTS-338, mixed mode, sharing, tiered, compressed oops, compressed class ptrs, g1 gc, windows-amd64)
GC Precious Log:
 CardTable entry size: 512
 Card Set container configuration: InlinePtr #cards 5 size 8 Array Of Cards #cards 12 size 40 Howl #buckets 4 coarsen threshold 1843 Howl Bitmap #cards 512 size 80 coarsen threshold 460 Card regions per heap region 1 cards per card region 2048
 CPUs: 8 total, 8 available
 Memory: 7916M
 Large Page Support: Disabled
 NUMA Support: Disabled
 Compressed Oops: Enabled (32-bit)
 Heap Region Size: 1M
 Heap Min Capacity: 8M
 Heap Initial Capacity: 124M
 Heap Max Capacity: 1980M
 Pre-touch: Disabled
 Parallel Workers: 8
 Concurrent Workers: 2
 Concurrent Refinement Workers: 8
 Periodic GC: Disabled
Heap:
 garbage-first heap   total 61440K, used 50540K [0x0000000084400000, 0x0000000100000000)
  region size 1024K, 29 young (29696K), 1 survivors (1024K)
 Metaspace       used 45621K, committed 46272K, reserved 1114112K
  class space    used 5682K, committed 5952K, reserved 1048576K
GC Heap History (14 events):
Event: 1.528 GC heap before
{Heap before GC invocations=0 (full 0):
 garbage-first heap   total 126976K, used 23552K [0x0000000084400000, 0x0000000100000000)
  region size 1024K, 23 young (23552K), 0 survivors (0K)
 Metaspace       used 5087K, committed 5376K, reserved 1114112K
  class space    used 555K, committed 704K, reserved 1048576K
}
Event: 1.536 GC heap after
{Heap after GC invocations=1 (full 0):
 garbage-first heap   total 126976K, used 7884K [0x0000000084400000, 0x0000000100000000)
  region size 1024K, 3 young (3072K), 3 survivors (3072K)
 Metaspace       used 5087K, committed 5376K, reserved 1114112K
  class space    used 555K, committed 704K, reserved 1048576K
}
Event: 2.585 GC heap before
{Heap before GC invocations=1 (full 0):
 garbage-first heap   total 126976K, used 35532K [0x0000000084400000, 0x0000000100000000)
  region size 1024K, 31 young (31744K), 3 survivors (3072K)
 Metaspace       used 12672K, committed 12992K, reserved 1114112K
  class space    used 1593K, committed 1728K, reserved 1048576K
}
Event: 2.590 GC heap after
{Heap after GC invocations=2 (full 0):
 garbage-first heap   total 126976K, used 10182K [0x0000000084400000, 0x0000000100000000)
  region size 1024K, 3 young (3072K), 3 survivors (3072K)
 Metaspace       used 12672K, committed 12992K, reserved 1114112K
  class space    used 1593K, committed 1728K, reserved 1048576K
}
Event: 3.231 GC heap before
{Heap before GC invocations=2 (full 0):
 garbage-first heap   total 126976K, used 53190K [0x0000000084400000, 0x0000000100000000)
  region size 1024K, 46 young (47104K), 3 survivors (3072K)
 Metaspace       used 21258K, committed 21504K, reserved 1114112K
  class space    used 2642K, committed 2752K, reserved 1048576K
}
Event: 3.237 GC heap after
{Heap after GC invocations=3 (full 0):
 garbage-first heap   total 126976K, used 14020K [0x0000000084400000, 0x0000000100000000)
  region size 1024K, 6 young (6144K), 6 survivors (6144K)
 Metaspace       used 21258K, committed 21504K, reserved 1114112K
  class space    used 2642K, committed 2752K, reserved 1048576K
}
Event: 4.284 GC heap before
{Heap before GC invocations=4 (full 0):
 garbage-first heap   total 51200K, used 49860K [0x0000000084400000, 0x0000000100000000)
  region size 1024K, 42 young (43008K), 6 survivors (6144K)
 Metaspace       used 25280K, committed 25600K, reserved 1114112K
  class space    used 3130K, committed 3264K, reserved 1048576K
}
Event: 4.291 GC heap after
{Heap after GC invocations=5 (full 0):
 garbage-first heap   total 61440K, used 17145K [0x0000000084400000, 0x0000000100000000)
  region size 1024K, 7 young (7168K), 7 survivors (7168K)
 Metaspace       used 25280K, committed 25600K, reserved 1114112K
  class space    used 3130K, committed 3264K, reserved 1048576K
}
Event: 5.305 GC heap before
{Heap before GC invocations=5 (full 0):
 garbage-first heap   total 61440K, used 46841K [0x0000000084400000, 0x0000000100000000)
  region size 1024K, 36 young (36864K), 7 survivors (7168K)
 Metaspace       used 29647K, committed 30080K, reserved 1114112K
  class space    used 3697K, committed 3904K, reserved 1048576K
}
Event: 5.312 GC heap after
{Heap after GC invocations=6 (full 0):
 garbage-first heap   total 61440K, used 19641K [0x0000000084400000, 0x0000000100000000)
  region size 1024K, 3 young (3072K), 3 survivors (3072K)
 Metaspace       used 29647K, committed 30080K, reserved 1114112K
  class space    used 3697K, committed 3904K, reserved 1048576K
}
Event: 6.375 GC heap before
{Heap before GC invocations=6 (full 0):
 garbage-first heap   total 61440K, used 48313K [0x0000000084400000, 0x0000000100000000)
  region size 1024K, 32 young (32768K), 3 survivors (3072K)
 Metaspace       used 34522K, committed 35072K, reserved 1114112K
  class space    used 4357K, committed 4608K, reserved 1048576K
}
Event: 6.379 GC heap after
{Heap after GC invocations=7 (full 0):
 garbage-first heap   total 61440K, used 22351K [0x0000000084400000, 0x0000000100000000)
  region size 1024K, 3 young (3072K), 3 survivors (3072K)
 Metaspace       used 34522K, committed 35072K, reserved 1114112K
  class space    used 4357K, committed 4608K, reserved 1048576K
}
Event: 6.571 GC heap before
{Heap before GC invocations=7 (full 0):
 garbage-first heap   total 61440K, used 30543K [0x0000000084400000, 0x0000000100000000)
  region size 1024K, 12 young (12288K), 3 survivors (3072K)
 Metaspace       used 35681K, committed 36160K, reserved 1114112K
  class space    used 4526K, committed 4736K, reserved 1048576K
}
Event: 6.574 GC heap after
{Heap after GC invocations=8 (full 0):
 garbage-first heap   total 61440K, used 22892K [0x0000000084400000, 0x0000000100000000)
  region size 1024K, 1 young (1024K), 1 survivors (1024K)
 Metaspace       used 35681K, committed 36160K, reserved 1114112K
  class space    used 4526K, committed 4736K, reserved 1048576K
}

