# JRE version: Java(TM) SE Runtime Environment (21.0.9+7) (build 21.0.9+7-LTS-338)
# Java VM: Java HotSpot(TM) 64-Bit Server VM (21.0.9+7-LTS-338, mixed mode, sharing, tiered, compressed oops, compressed class ptrs, g1 gc, windows-amd64)
GC Precious Log:
 CardTable entry size: 512
 Card Set container configuration: InlinePtr #cards 5 size 8 Array Of Cards #cards 12 size 40 Howl #buckets 4 coarsen threshold 1843 Howl Bitmap #cards 512 size 80 coarsen threshold 460 Card regions per heap region 1 cards per card region 2048
 CPUs: 8 total, 8 available
 Memory: 7916M
 Large Page Support: Disabled
 NUMA Support: Disabled
 Compressed Oops: Enabled (32-bit)
 Heap Region Size: 1M
 Heap Min Capacity: 8M
 Heap Initial Capacity: 124M
 Heap Max Capacity: 1980M
 Pre-touch: Disabled
 Parallel Workers: 8
 Concurrent Workers: 2
 Concurrent Refinement Workers: 8
 Periodic GC: Disabled
Heap:
 garbage-first heap   total 62464K, used 47928K [0x0000000084400000, 0x0000000100000000)
  region size 1024K, 23 young (23552K), 3 survivors (3072K)
 Metaspace       used 70163K, committed 70848K, reserved 1114112K
  class space    used 9288K, committed 9600K, reserved 1048576K
GC Heap History (20 events):
Event: 3.030 GC heap before
{Heap before GC invocations=1 (full 0):
 garbage-first heap   total 126976K, used 35494K [0x0000000084400000, 0x0000000100000000)
  region size 1024K, 31 young (31744K), 3 survivors (3072K)
 Metaspace       used 12652K, committed 12928K, reserved 1114112K
  class space    used 1583K, committed 1728K, reserved 1048576K
}
Event: 3.034 GC heap after
{Heap after GC invocations=2 (full 0):
 garbage-first heap   total 126976K, used 10198K [0x0000000084400000, 0x0000000100000000)
  region size 1024K, 3 young (3072K), 3 survivors (3072K)
 Metaspace       used 12652K, committed 12928K, reserved 1114112K
  class space    used 1583K, committed 1728K, reserved 1048576K
}
Event: 3.891 GC heap before
{Heap before GC invocations=2 (full 0):
 garbage-first heap   total 126976K, used 51158K [0x0000000084400000, 0x0000000100000000)
  region size 1024K, 45 young (46080K), 3 survivors (3072K)
 Metaspace       used 21260K, committed 21504K, reserved 1114112K
  class space    used 2643K, committed 2752K, reserved 1048576K
}
Event: 3.897 GC heap after
{Heap after GC invocations=3 (full 0):
 garbage-first heap   total 126976K, used 13898K [0x0000000084400000, 0x0000000100000000)
  region size 1024K, 6 young (6144K), 6 survivors (6144K)
 Metaspace       used 21260K, committed 21504K, reserved 1114112K
  class space    used 2643K, committed 2752K, reserved 1048576K
}
Event: 5.107 GC heap before
{Heap before GC invocations=4 (full 0):
 garbage-first heap   total 51200K, used 50762K [0x0000000084400000, 0x0000000100000000)
  region size 1024K, 42 young (43008K), 6 survivors (6144K)
 Metaspace       used 25352K, committed 25664K, reserved 1114112K
  class space    used 3143K, committed 3264K, reserved 1048576K
}
Event: 5.113 GC heap after
{Heap after GC invocations=5 (full 0):
 garbage-first heap   total 62464K, used 17421K [0x0000000084400000, 0x0000000100000000)
  region size 1024K, 8 young (8192K), 8 survivors (8192K)
 Metaspace       used 25352K, committed 25664K, reserved 1114112K
  class space    used 3143K, committed 3264K, reserved 1048576K
}
Event: 5.975 GC heap before
{Heap before GC invocations=5 (full 0):
 garbage-first heap   total 62464K, used 46093K [0x0000000084400000, 0x0000000100000000)
  region size 1024K, 36 young (36864K), 8 survivors (8192K)
 Metaspace       used 29575K, committed 30016K, reserved 1114112K
  class space    used 3694K, committed 3904K, reserved 1048576K
}
Event: 5.983 GC heap after
{Heap after GC invocations=6 (full 0):
 garbage-first heap   total 62464K, used 19456K [0x0000000084400000, 0x0000000100000000)
  region size 1024K, 3 young (3072K), 3 survivors (3072K)
 Metaspace       used 29575K, committed 30016K, reserved 1114112K
  class space    used 3694K, committed 3904K, reserved 1048576K
}
Event: 7.055 GC heap before
{Heap before GC invocations=6 (full 0):
 garbage-first heap   total 62464K, used 48128K [0x0000000084400000, 0x0000000100000000)
  region size 1024K, 32 young (32768K), 3 survivors (3072K)
 Metaspace       used 34474K, committed 35008K, reserved 1114112K
  class space    used 4361K, committed 4608K, reserved 1048576K
}
Event: 7.059 GC heap after
{Heap after GC invocations=7 (full 0):
 garbage-first heap   total 62464K, used 22560K [0x0000000084400000, 0x0000000100000000)
  region size 1024K, 3 young (3072K), 3 survivors (3072K)
 Metaspace       used 34474K, committed 35008K, reserved 1114112K
  class space    used 4361K, committed 4608K, reserved 1048576K
}
Event: 7.283 GC heap before
{Heap before GC invocations=7 (full 0):
 garbage-first heap   total 62464K, used 30752K [0x0000000084400000, 0x0000000100000000)
  region size 1024K, 12 young (12288K), 3 survivors (3072K)
 Metaspace       used 35467K, committed 35968K, reserved 1114112K
  class space    used 4504K, committed 4736K, reserved 1048576K
}
Event: 7.287 GC heap after
{Heap after GC invocations=8 (full 0):
 garbage-first heap   total 62464K, used 23087K [0x0000000084400000, 0x0000000100000000)
  region size 1024K, 1 young (1024K), 1 survivors (1024K)
 Metaspace       used 35467K, committed 35968K, reserved 1114112K
  class space    used 4504K, committed 4736K, reserved 1048576K
}
Event: 8.779 GC heap before
{Heap before GC invocations=9 (full 0):
 garbage-first heap   total 62464K, used 52783K [0x0000000084400000, 0x0000000100000000)
  region size 1024K, 30 young (30720K), 1 survivors (1024K)
 Metaspace       used 46241K, committed 46848K, reserved 1114112K
  class space    used 5731K, committed 6016K, reserved 1048576K
}
Event: 8.784 GC heap after
{Heap after GC invocations=10 (full 0):
 garbage-first heap   total 62464K, used 26254K [0x0000000084400000, 0x0000000100000000)
  region size 1024K, 4 young (4096K), 4 survivors (4096K)
 Metaspace       used 46241K, committed 46848K, reserved 1114112K
  class space    used 5731K, committed 6016K, reserved 1048576K
}
Event: 9.738 GC heap before
{Heap before GC invocations=10 (full 0):
 garbage-first heap   total 62464K, used 51854K [0x0000000084400000, 0x0000000100000000)
  region size 1024K, 30 young (30720K), 4 survivors (4096K)
 Metaspace       used 53052K, committed 53696K, reserved 1114112K
  class space    used 6800K, committed 7104K, reserved 1048576K
}
Event: 9.743 GC heap after
{Heap after GC invocations=11 (full 0):
 garbage-first heap   total 62464K, used 27206K [0x0000000084400000, 0x0000000100000000)
  region size 1024K, 2 young (2048K), 2 survivors (2048K)
 Metaspace       used 53052K, committed 53696K, reserved 1114112K
  class space    used 6800K, committed 7104K, reserved 1048576K
}
Event: 10.402 GC heap before
{Heap before GC invocations=11 (full 0):
 garbage-first heap   total 62464K, used 52806K [0x0000000084400000, 0x0000000100000000)
  region size 1024K, 28 young (28672K), 2 survivors (2048K)
 Metaspace       used 59539K, committed 60160K, reserved 1114112K
  class space    used 7635K, committed 7936K, reserved 1048576K
}
Event: 10.407 GC heap after
{Heap after GC invocations=12 (full 0):
 garbage-first heap   total 62464K, used 28630K [0x0000000084400000, 0x0000000100000000)
  region size 1024K, 3 young (3072K), 3 survivors (3072K)
 Metaspace       used 59539K, committed 60160K, reserved 1114112K
  class space    used 7635K, committed 7936K, reserved 1048576K
}
Event: 10.995 GC heap before
{Heap before GC invocations=13 (full 0):
 garbage-first heap   total 62464K, used 54230K [0x0000000084400000, 0x0000000100000000)
  region size 1024K, 29 young (29696K), 3 survivors (3072K)
 Metaspace       used 65838K, committed 66560K, reserved 1114112K
  class space    used 8704K, committed 9024K, reserved 1048576K
}
Event: 10.999 GC heap after
{Heap after GC invocations=14 (full 0):
 garbage-first heap   total 62464K, used 29496K [0x0000000084400000, 0x0000000100000000)
  region size 1024K, 3 young (3072K), 3 survivors (3072K)
 Metaspace       used 65838K, committed 66560K, reserved 1114112K
  class space    used 8704K, committed 9024K, reserved 1048576K
}

